Using pre-set license

 COMMAND LINE ARGUMENTS:
/Applications/Unity/Hub/Editor/2020.3.6f1/Unity.app/Contents/MacOS/Unity
-adb2
-batchMode
-noUpm
-name
AssetImportWorker0
-projectPath
/Users/tanembasaraner/Documents/GitHub/Tamyqu/GameEnginesTanem
-logFile
Logs/AssetImportWorker0.log
-srvPort
50129
Successfully changed project path to: /Users/tanembasaraner/Documents/GitHub/Tamyqu/GameEnginesTanem
/Users/tanembasaraner/Documents/GitHub/Tamyqu/GameEnginesTanem
Using Asset Import Pipeline V2.
Refreshing native plugins compatible for Editor in 30.41 ms, found 1 plugins.
Preloading 0 native plugins for Editor in 0.00 ms.
Initialize engine version: 2020.3.6f1 (338bb68529b2)
[Subsystems] Discovering subsystems at path /Applications/Unity/Hub/Editor/2020.3.6f1/Unity.app/Contents/Resources/UnitySubsystems
[Subsystems] Discovering subsystems at path /Users/tanembasaraner/Documents/GitHub/Tamyqu/GameEnginesTanem/Assets
GfxDevice: creating device client; threaded=0
2021-10-27 16:42:45.666 Unity[84425:3704917] Color LCD preferred device: Intel(R) Iris(TM) Plus Graphics 645 (low power)
2021-10-27 16:42:45.666 Unity[84425:3704917] Metal devices available: 1
2021-10-27 16:42:45.666 Unity[84425:3704917] 0: Intel(R) Iris(TM) Plus Graphics 645 (low power)
2021-10-27 16:42:45.667 Unity[84425:3704917] Using device Intel(R) Iris(TM) Plus Graphics 645 (low power)
Initializing Metal device caps: Intel(R) Iris(TM) Plus Graphics 645
Initialize mono
Mono path[0] = '/Applications/Unity/Hub/Editor/2020.3.6f1/Unity.app/Contents/Managed'
Mono path[1] = '/Applications/Unity/Hub/Editor/2020.3.6f1/Unity.app/Contents/MonoBleedingEdge/lib/mono/unityjit'
Mono config path = '/Applications/Unity/Hub/Editor/2020.3.6f1/Unity.app/Contents/MonoBleedingEdge/etc'
Using monoOptions --debugger-agent=transport=dt_socket,embedding=1,server=y,suspend=n,address=127.0.0.1:56425
Begin MonoManager ReloadAssembly
Registering precompiled unity dll's ...
Register platform support module: /Applications/Unity/Hub/Editor/2020.3.6f1/Unity.app/Contents/PlaybackEngines/MacStandaloneSupport/UnityEditor.OSXStandalone.Extensions.dll
Registered in 0.002204 seconds.
Native extension for OSXStandalone target not found
Refreshing native plugins compatible for Editor in 25.09 ms, found 1 plugins.
Preloading 0 native plugins for Editor in 0.00 ms.
Mono: successfully reloaded assembly
- Completed reload, in  4.583 seconds
Platform modules already initialized, skipping
Registering precompiled user dll's ...
Registered in 0.001639 seconds.
Begin MonoManager ReloadAssembly
Native extension for OSXStandalone target not found
Refreshing native plugins compatible for Editor in 0.24 ms, found 1 plugins.
Preloading 0 native plugins for Editor in 0.00 ms.
Mono: successfully reloaded assembly
- Completed reload, in  1.066 seconds
Platform modules already initialized, skipping
========================================================================
Worker process is ready to serve import requests
Launching external process: /Applications/Unity/Hub/Editor/2020.3.6f1/Unity.app/Contents/Tools/UnityShaderCompiler
Launched and connected shader compiler UnityShaderCompiler after 0.02 seconds
Refreshing native plugins compatible for Editor in 0.25 ms, found 1 plugins.
Preloading 0 native plugins for Editor in 0.00 ms.
Unloading 1115 Unused Serialized files (Serialized files now loaded: 0)
System memory in use before: 110.0 MB.
System memory in use after: 110.0 MB.

Unloading 10 unused Assets to reduce memory usage. Loaded Objects now: 1557.
Total: 2.479610 ms (FindLiveObjects: 0.310378 ms CreateObjectMapping: 0.105645 ms MarkObjects: 1.972344 ms  DeleteObjects: 0.089406 ms)

========================================================================
Received Import Request.
  path: Assets/cat.blend
  artifactKey: Guid(cf881af8e67a042cca19ec78d42759b8) Importer(815301076,1909f56bfc062723c751e8b465ee728b)
Start importing Assets/cat.blend using Guid(cf881af8e67a042cca19ec78d42759b8) Importer(815301076,1909f56bfc062723c751e8b465ee728b)  -> (artifact id: '1ca784f2f3c4898305e088800c1e1dd4') in 0.839511 seconds
  Import took 0.842302 seconds .

========================================================================
Received Import Request.
  Time since last request: 512.143089 seconds.
  path: Assets/cat.fbx
  artifactKey: Guid(57ad9758a440d4413b199a7e9626add3) Importer(815301076,1909f56bfc062723c751e8b465ee728b)
Start importing Assets/cat.fbx using Guid(57ad9758a440d4413b199a7e9626add3) Importer(815301076,1909f56bfc062723c751e8b465ee728b)  -> (artifact id: 'a771b2fe739dbbd9bcfbcd991591a87b') in 0.971584 seconds
  Import took 1.001361 seconds .

========================================================================
Received Import Request.
  Time since last request: 71.437530 seconds.
  path: Assets/New Terrain.asset
  artifactKey: Guid(5b6c11f326329427ab3e8ef95c0a162d) Importer(815301076,1909f56bfc062723c751e8b465ee728b)
Start importing Assets/New Terrain.asset using Guid(5b6c11f326329427ab3e8ef95c0a162d) Importer(815301076,1909f56bfc062723c751e8b465ee728b)  -> (artifact id: '9fdf49ccc113d91213bd1007998f21d2') in 1.383355 seconds
  Import took 1.387294 seconds .

========================================================================
Received Import Request.
  Time since last request: 112.322359 seconds.
  path: Assets/cat.prefab
  artifactKey: Guid(b3727ff1148a24de6b1b8abbffcad60f) Importer(815301076,1909f56bfc062723c751e8b465ee728b)
Start importing Assets/cat.prefab using Guid(b3727ff1148a24de6b1b8abbffcad60f) Importer(815301076,1909f56bfc062723c751e8b465ee728b)  -> (artifact id: '8765f98c0b1b9ee0d64b45f1c8561945') in 0.381201 seconds
  Import took 0.385516 seconds .

========================================================================
Received Import Request.
  Time since last request: 20.670993 seconds.
  path: Assets/Scenes
  artifactKey: Guid(8ab00914922934b96913fbb81a152e64) Importer(815301076,1909f56bfc062723c751e8b465ee728b)
Start importing Assets/Scenes using Guid(8ab00914922934b96913fbb81a152e64) Importer(815301076,1909f56bfc062723c751e8b465ee728b)  -> (artifact id: '6c0507c387507d2e050bcb0b4e3c5646') in 0.001744 seconds
  Import took 0.004687 seconds .

========================================================================
Received Import Request.
  Time since last request: 0.014931 seconds.
  path: Assets/Scenes
  artifactKey: Guid(8ab00914922934b96913fbb81a152e64) Importer(815301076,1909f56bfc062723c751e8b465ee728b)
Start importing Assets/Scenes using Guid(8ab00914922934b96913fbb81a152e64) Importer(815301076,1909f56bfc062723c751e8b465ee728b)  -> (artifact id: '6c0507c387507d2e050bcb0b4e3c5646') in 0.001942 seconds
  Import took 0.006160 seconds .

========================================================================
Received Import Request.
  Time since last request: 57.830039 seconds.
  path: Assets/prefabs
  artifactKey: Guid(0d59d57872e1a4095a4207bff3b50d9f) Importer(815301076,1909f56bfc062723c751e8b465ee728b)
Start importing Assets/prefabs using Guid(0d59d57872e1a4095a4207bff3b50d9f) Importer(815301076,1909f56bfc062723c751e8b465ee728b)  -> (artifact id: '8ea4cd8bf3b0b6297a9512312190d204') in 0.002864 seconds
  Import took 0.005400 seconds .

========================================================================
Received Import Request.
  Time since last request: 0.136330 seconds.
  path: Assets/prefabs/cat.fbx
  artifactKey: Guid(0b3bb83e3de0d4da3b0e9f67454225fc) Importer(815301076,1909f56bfc062723c751e8b465ee728b)
Start importing Assets/prefabs/cat.fbx using Guid(0b3bb83e3de0d4da3b0e9f67454225fc) Importer(815301076,1909f56bfc062723c751e8b465ee728b)  -> (artifact id: '2576827cc29e24568ba917823fcdf2a6') in 0.049870 seconds
  Import took 0.052459 seconds .

========================================================================
Received Import Request.
  Time since last request: 34.427642 seconds.
  path: Assets/prefabs/cat (1).prefab
  artifactKey: Guid(86b672a0b87814b4a80063a4063385ce) Importer(815301076,1909f56bfc062723c751e8b465ee728b)
Start importing Assets/prefabs/cat (1).prefab using Guid(86b672a0b87814b4a80063a4063385ce) Importer(815301076,1909f56bfc062723c751e8b465ee728b)  -> (artifact id: '8380ee6182ceb0802201cbf50e8fcfdf') in 0.035703 seconds
  Import took 0.039145 seconds .

========================================================================
Received Prepare
Registering precompiled user dll's ...
Registered in 0.002437 seconds.
Begin MonoManager ReloadAssembly
Native extension for OSXStandalone target not found
Refreshing native plugins compatible for Editor in 0.25 ms, found 1 plugins.
Preloading 0 native plugins for Editor in 0.00 ms.
Mono: successfully reloaded assembly
- Completed reload, in  1.119 seconds
Platform modules already initialized, skipping
Refreshing native plugins compatible for Editor in 0.20 ms, found 1 plugins.
Preloading 0 native plugins for Editor in 0.00 ms.
Unloading 1110 Unused Serialized files (Serialized files now loaded: 0)
System memory in use before: 132.2 MB.
System memory in use after: 131.7 MB.

Unloading 8 unused Assets to reduce memory usage. Loaded Objects now: 1604.
Total: 2.149631 ms (FindLiveObjects: 0.163977 ms CreateObjectMapping: 0.034928 ms MarkObjects: 1.447372 ms  DeleteObjects: 0.502387 ms)

========================================================================
Received Import Request.
  Time since last request: 112.126129 seconds.
  path: Assets/prefabs/cat (1).prefab
  artifactKey: Guid(86b672a0b87814b4a80063a4063385ce) Importer(815301076,1909f56bfc062723c751e8b465ee728b)
Start importing Assets/prefabs/cat (1).prefab using Guid(86b672a0b87814b4a80063a4063385ce) Importer(815301076,1909f56bfc062723c751e8b465ee728b)  -> (artifact id: 'f7eeea4fd991c1f80d5c2807b6f3345d') in 0.071012 seconds
  Import took 0.073568 seconds .

========================================================================
Received Import Request.
  Time since last request: 3.076774 seconds.
  path: Assets/prefabs/cat (1).prefab
  artifactKey: Guid(86b672a0b87814b4a80063a4063385ce) Importer(815301076,1909f56bfc062723c751e8b465ee728b)
Start importing Assets/prefabs/cat (1).prefab using Guid(86b672a0b87814b4a80063a4063385ce) Importer(815301076,1909f56bfc062723c751e8b465ee728b)  -> (artifact id: '97cefde08ebd0f78a312c551179017cb') in 0.020611 seconds
  Import took 0.026903 seconds .

========================================================================
Received Import Request.
  Time since last request: 3.236415 seconds.
  path: Assets/prefabs/cat (1).prefab
  artifactKey: Guid(86b672a0b87814b4a80063a4063385ce) Importer(815301076,1909f56bfc062723c751e8b465ee728b)
Start importing Assets/prefabs/cat (1).prefab using Guid(86b672a0b87814b4a80063a4063385ce) Importer(815301076,1909f56bfc062723c751e8b465ee728b)  -> (artifact id: 'c386ec1e408d09af50cc0881cd4d8a28') in 0.012429 seconds
  Import took 0.015244 seconds .

========================================================================
Received Prepare
Registering precompiled user dll's ...
Registered in 0.001052 seconds.
Begin MonoManager ReloadAssembly
Native extension for OSXStandalone target not found
Refreshing native plugins compatible for Editor in 0.23 ms, found 1 plugins.
Preloading 0 native plugins for Editor in 0.00 ms.
Mono: successfully reloaded assembly
- Completed reload, in  1.028 seconds
Platform modules already initialized, skipping
Refreshing native plugins compatible for Editor in 0.22 ms, found 1 plugins.
Preloading 0 native plugins for Editor in 0.00 ms.
Unloading 1111 Unused Serialized files (Serialized files now loaded: 0)
System memory in use before: 131.9 MB.
System memory in use after: 132.0 MB.

Unloading 6 unused Assets to reduce memory usage. Loaded Objects now: 1609.
Total: 1.917437 ms (FindLiveObjects: 0.224709 ms CreateObjectMapping: 0.054872 ms MarkObjects: 1.568413 ms  DeleteObjects: 0.068162 ms)

========================================================================
Received Prepare
Registering precompiled user dll's ...
Registered in 0.000342 seconds.
Begin MonoManager ReloadAssembly
Native extension for OSXStandalone target not found
Refreshing native plugins compatible for Editor in 0.24 ms, found 1 plugins.
Preloading 0 native plugins for Editor in 0.00 ms.
Mono: successfully reloaded assembly
- Completed reload, in  0.954 seconds
Platform modules already initialized, skipping
Refreshing native plugins compatible for Editor in 0.19 ms, found 1 plugins.
Preloading 0 native plugins for Editor in 0.00 ms.
Unloading 1111 Unused Serialized files (Serialized files now loaded: 0)
System memory in use before: 132.2 MB.
System memory in use after: 132.2 MB.

Unloading 5 unused Assets to reduce memory usage. Loaded Objects now: 1612.
Total: 1.551782 ms (FindLiveObjects: 0.154727 ms CreateObjectMapping: 0.035248 ms MarkObjects: 1.317687 ms  DeleteObjects: 0.043036 ms)

========================================================================
Received Import Request.
  Time since last request: 121.192032 seconds.
  path: Assets/Scripts
  artifactKey: Guid(0aaadb0765a5a4742b2d9558e6c68ae0) Importer(815301076,1909f56bfc062723c751e8b465ee728b)
Start importing Assets/Scripts using Guid(0aaadb0765a5a4742b2d9558e6c68ae0) Importer(815301076,1909f56bfc062723c751e8b465ee728b)  -> (artifact id: 'c828e0634830caf71d3c02755a37e1ed') in 0.004279 seconds
  Import took 0.007081 seconds .

========================================================================
Received Prepare
Registering precompiled user dll's ...
Registered in 0.000380 seconds.
Begin MonoManager ReloadAssembly
Native extension for OSXStandalone target not found
Refreshing native plugins compatible for Editor in 0.31 ms, found 1 plugins.
Preloading 0 native plugins for Editor in 0.00 ms.
Mono: successfully reloaded assembly
- Completed reload, in  1.078 seconds
Platform modules already initialized, skipping
Refreshing native plugins compatible for Editor in 0.19 ms, found 1 plugins.
Preloading 0 native plugins for Editor in 0.00 ms.
Unloading 1111 Unused Serialized files (Serialized files now loaded: 0)
System memory in use before: 132.3 MB.
System memory in use after: 132.4 MB.

Unloading 5 unused Assets to reduce memory usage. Loaded Objects now: 1615.
Total: 1.697216 ms (FindLiveObjects: 0.171779 ms CreateObjectMapping: 0.065044 ms MarkObjects: 1.414146 ms  DeleteObjects: 0.045070 ms)

========================================================================
Received Import Request.
  Time since last request: 197.525182 seconds.
  path: Assets/Scripts/Catwalk.cs
  artifactKey: Guid(74a8c686a11a340d3bd1b30ec57440d7) Importer(815301076,1909f56bfc062723c751e8b465ee728b)
Start importing Assets/Scripts/Catwalk.cs using Guid(74a8c686a11a340d3bd1b30ec57440d7) Importer(815301076,1909f56bfc062723c751e8b465ee728b)  -> (artifact id: '6ede97e8757313df70725114ae1cae84') in 0.524298 seconds
  Import took 0.538478 seconds .

========================================================================
Received Import Request.
  Time since last request: 21.147708 seconds.
  path: Assets/Scripts/Catwalk.cs
  artifactKey: Guid(74a8c686a11a340d3bd1b30ec57440d7) Importer(815301076,1909f56bfc062723c751e8b465ee728b)
Start importing Assets/Scripts/Catwalk.cs using Guid(74a8c686a11a340d3bd1b30ec57440d7) Importer(815301076,1909f56bfc062723c751e8b465ee728b)  -> (artifact id: '986a1fd74a8c3d8152afb7d0487a1c06') in 0.004515 seconds
  Import took 0.007752 seconds .

========================================================================
Received Prepare
Registering precompiled user dll's ...
Registered in 0.000468 seconds.
Begin MonoManager ReloadAssembly
Native extension for OSXStandalone target not found
Refreshing native plugins compatible for Editor in 0.24 ms, found 1 plugins.
Preloading 0 native plugins for Editor in 0.00 ms.
Mono: successfully reloaded assembly
- Completed reload, in  1.090 seconds
Platform modules already initialized, skipping
Refreshing native plugins compatible for Editor in 0.20 ms, found 1 plugins.
Preloading 0 native plugins for Editor in 0.00 ms.
Unloading 1111 Unused Serialized files (Serialized files now loaded: 0)
System memory in use before: 136.8 MB.
System memory in use after: 136.8 MB.

Unloading 5 unused Assets to reduce memory usage. Loaded Objects now: 1618.
Total: 2.260333 ms (FindLiveObjects: 0.270343 ms CreateObjectMapping: 0.048131 ms MarkObjects: 1.880727 ms  DeleteObjects: 0.060011 ms)

========================================================================
Received Import Request.
  Time since last request: 101.787484 seconds.
  path: Assets/Scripts/Catwalk.cs
  artifactKey: Guid(74a8c686a11a340d3bd1b30ec57440d7) Importer(815301076,1909f56bfc062723c751e8b465ee728b)
Start importing Assets/Scripts/Catwalk.cs using Guid(74a8c686a11a340d3bd1b30ec57440d7) Importer(815301076,1909f56bfc062723c751e8b465ee728b)  -> (artifact id: '6ac5a9c3f6edb8a978ff29855999fa30') in 0.011004 seconds
  Import took 0.013434 seconds .

========================================================================
Received Import Request.
  Time since last request: 0.028269 seconds.
  path: Assets/Scripts/Catwalk.cs
  artifactKey: Guid(74a8c686a11a340d3bd1b30ec57440d7) Importer(815301076,1909f56bfc062723c751e8b465ee728b)
Start importing Assets/Scripts/Catwalk.cs using Guid(74a8c686a11a340d3bd1b30ec57440d7) Importer(815301076,1909f56bfc062723c751e8b465ee728b)  -> (artifact id: '6ac5a9c3f6edb8a978ff29855999fa30') in 0.021076 seconds
  Import took 0.023128 seconds .

========================================================================
Received Prepare
Registering precompiled user dll's ...
Registered in 0.000421 seconds.
Begin MonoManager ReloadAssembly
Native extension for OSXStandalone target not found
Refreshing native plugins compatible for Editor in 0.23 ms, found 1 plugins.
Preloading 0 native plugins for Editor in 0.00 ms.
Mono: successfully reloaded assembly
- Completed reload, in  0.966 seconds
Platform modules already initialized, skipping
Refreshing native plugins compatible for Editor in 0.23 ms, found 1 plugins.
Preloading 0 native plugins for Editor in 0.00 ms.
Unloading 1111 Unused Serialized files (Serialized files now loaded: 0)
System memory in use before: 136.9 MB.
System memory in use after: 137.0 MB.

Unloading 5 unused Assets to reduce memory usage. Loaded Objects now: 1621.
Total: 1.652494 ms (FindLiveObjects: 0.161386 ms CreateObjectMapping: 0.036548 ms MarkObjects: 1.405457 ms  DeleteObjects: 0.047935 ms)

========================================================================
Received Import Request.
  Time since last request: 38.171709 seconds.
  path: Assets/Scripts/Catwalk.cs
  artifactKey: Guid(74a8c686a11a340d3bd1b30ec57440d7) Importer(815301076,1909f56bfc062723c751e8b465ee728b)
Start importing Assets/Scripts/Catwalk.cs using Guid(74a8c686a11a340d3bd1b30ec57440d7) Importer(815301076,1909f56bfc062723c751e8b465ee728b)  -> (artifact id: 'ed832b0da6a5c751fd7fd565a681faa7') in 0.006979 seconds
  Import took 0.009956 seconds .

